<?xml version="1.0" encoding="UTF-8"?>
<!-- Generated by org.testng.reporters.JUnitReportReporter -->
<testsuite hostname="nirmala-pc" name="com.Data.Revision.Parallel_ExecutionTestNG" tests="2" failures="0" timestamp="1 Jun 2016 06:31:20 GMT" time="12.962" errors="0">
  <testcase name="Test1" time="4.252" classname="com.Data.Revision.Parallel_ExecutionTestNG"/>
  <testcase name="Test2" time="8.710" classname="com.Data.Revision.Parallel_ExecutionTestNG"/>
</testsuite> <!-- com.Data.Revision.Parallel_ExecutionTestNG -->
