<?xml version="1.0" encoding="UTF-8"?>
<!-- Generated by org.testng.reporters.JUnitReportReporter -->
<testsuite hostname="nirmala-pc" name="com.Data.Revision.DragAndDrop_Actions" tests="1" failures="0" timestamp="1 Jul 2016 13:14:41 GMT" time="11.066" errors="0">
  <testcase name="DropableTest" time="11.066" classname="com.Data.Revision.DragAndDrop_Actions"/>
</testsuite> <!-- com.Data.Revision.DragAndDrop_Actions -->
